[    4231ms] [WARNING] [GSI_LOGGER]: Your client application uses one of the Google One Tap prompt UI status methods that may stop functioning when FedCM becomes mandatory. Refer to the migration guide to update your code accordingly and opt-in to FedCM to test your changes. Learn more: https://developers.google.com/identity/gsi/web/guides/fedcm-migration?s=dc#display_moment and https://developers.google.com/identity/gsi/web/guides/fedcm-migration?s=dc#skipped_moment @ https://dash.cloudflare.com/cf-cfaa59109e40ad62.js:2
[    5811ms] [ERROR] Failed to load resource: the server responded with a status of 401 () @ https://challenges.cloudflare.com/cdn-cgi/challenge-platform/h/g/pat/9cd02f2d6e2b77f1/1770942282551/e347139c7fc2f1399de865ef33b868ec390778f46c0fd427ec73c3a5b6b149d6/b2_1e5eGUi8FI1X:0
[    5848ms] [ERROR]  Note that 'script-src' was not explicitly set, so 'default-src' is used as a fallback. @ https://challenges.cloudflare.com/cdn-cgi/challenge-platform/h/g/turnstile/f/ov2/av0/rch/kjofi/0x4AAAAAAAJel0iaAR3mgkjp/light/fbE/new/flexible?lang=auto:0
[    6246ms] [ERROR] %c%d font-size:0;color:transparent NaN @ https://challenges.cloudflare.com/cdn-cgi/challenge-platform/h/g/turnstile/f/ov2/av0/rch/kjofi/0x4AAAAAAAJel0iaAR3mgkjp/light/fbE/new/flexible?lang=auto:0
[    6246ms] [ERROR] %c%d font-size:0;color:transparent NaN @ https://challenges.cloudflare.com/cdn-cgi/challenge-platform/h/g/turnstile/f/ov2/av0/rch/kjofi/0x4AAAAAAAJel0iaAR3mgkjp/light/fbE/new/flexible?lang=auto:0
[    6246ms] [WARNING] %c%d font-size:0;color:transparent NaN @ https://challenges.cloudflare.com/cdn-cgi/challenge-platform/h/g/turnstile/f/ov2/av0/rch/kjofi/0x4AAAAAAAJel0iaAR3mgkjp/light/fbE/new/flexible?lang=auto:0
[    6246ms] [WARNING] %c%d font-size:0;color:transparent NaN @ https://challenges.cloudflare.com/cdn-cgi/challenge-platform/h/g/turnstile/f/ov2/av0/rch/kjofi/0x4AAAAAAAJel0iaAR3mgkjp/light/fbE/new/flexible?lang=auto:0
[    9868ms] [WARNING] The resource https://challenges.cloudflare.com/cdn-cgi/challenge-platform/h/g/cmg/1 was preloaded using link preload but not used within a few seconds from the window's load event. Please make sure it has an appropriate `as` value and it is preloaded intentionally. @ https://challenges.cloudflare.com/cdn-cgi/challenge-platform/h/g/turnstile/f/ov2/av0/rch/kjofi/0x4AAAAAAAJel0iaAR3mgkjp/light/fbE/new/flexible?lang=auto:0
[  127817ms] [ERROR] %c%d font-size:0;color:transparent NaN @ https://challenges.cloudflare.com/cdn-cgi/challenge-platform/h/g/turnstile/f/ov2/av0/rch/kjofi/0x4AAAAAAAJel0iaAR3mgkjp/light/fbE/api/flexible?lang=auto:0
[  127817ms] [ERROR] %c%d font-size:0;color:transparent NaN @ https://challenges.cloudflare.com/cdn-cgi/challenge-platform/h/g/turnstile/f/ov2/av0/rch/kjofi/0x4AAAAAAAJel0iaAR3mgkjp/light/fbE/api/flexible?lang=auto:0
[  127817ms] [WARNING] %c%d font-size:0;color:transparent NaN @ https://challenges.cloudflare.com/cdn-cgi/challenge-platform/h/g/turnstile/f/ov2/av0/rch/kjofi/0x4AAAAAAAJel0iaAR3mgkjp/light/fbE/api/flexible?lang=auto:0
[  127817ms] [WARNING] %c%d font-size:0;color:transparent NaN @ https://challenges.cloudflare.com/cdn-cgi/challenge-platform/h/g/turnstile/f/ov2/av0/rch/kjofi/0x4AAAAAAAJel0iaAR3mgkjp/light/fbE/api/flexible?lang=auto:0
[  127849ms] [ERROR]  Note that 'script-src' was not explicitly set, so 'default-src' is used as a fallback. @ https://challenges.cloudflare.com/cdn-cgi/challenge-platform/h/g/turnstile/f/ov2/av0/rch/kjofi/0x4AAAAAAAJel0iaAR3mgkjp/light/fbE/api/flexible?lang=auto:0
[  128125ms] [ERROR] Failed to load resource: the server responded with a status of 401 () @ https://challenges.cloudflare.com/cdn-cgi/challenge-platform/h/g/pat/9cd0322aa91f77f1/1770942404741/b5b3776ce373f9bc74ff27e13409557d848777e3156667fbbae9f20b5fa80ff8/8J8oSWSvi4HkGSl:0
[  131585ms] [WARNING] The resource https://challenges.cloudflare.com/cdn-cgi/challenge-platform/h/g/cmg/1 was preloaded using link preload but not used within a few seconds from the window's load event. Please make sure it has an appropriate `as` value and it is preloaded intentionally. @ https://challenges.cloudflare.com/cdn-cgi/challenge-platform/h/g/turnstile/f/ov2/av0/rch/kjofi/0x4AAAAAAAJel0iaAR3mgkjp/light/fbE/api/flexible?lang=auto:0
[  249590ms] [ERROR]  Note that 'script-src' was not explicitly set, so 'default-src' is used as a fallback. @ https://challenges.cloudflare.com/cdn-cgi/challenge-platform/h/g/turnstile/f/ov2/av0/rch/kjofi/0x4AAAAAAAJel0iaAR3mgkjp/light/fbE/api/flexible?lang=auto:0
[  249842ms] [ERROR] Failed to load resource: the server responded with a status of 401 () @ https://challenges.cloudflare.com/cdn-cgi/challenge-platform/h/g/pat/9cd03523782277f1/1770942526341/ae2db3998a2c83c3a931952edb1fb15d9455fcde2908c29fa3446f4fbc97693d/SjGdnKrTmE-OPZ-:0
[  250357ms] [ERROR] %c%d font-size:0;color:transparent NaN @ https://challenges.cloudflare.com/cdn-cgi/challenge-platform/h/g/turnstile/f/ov2/av0/rch/kjofi/0x4AAAAAAAJel0iaAR3mgkjp/light/fbE/api/flexible?lang=auto:0
[  250357ms] [ERROR] %c%d font-size:0;color:transparent NaN @ https://challenges.cloudflare.com/cdn-cgi/challenge-platform/h/g/turnstile/f/ov2/av0/rch/kjofi/0x4AAAAAAAJel0iaAR3mgkjp/light/fbE/api/flexible?lang=auto:0
[  250358ms] [WARNING] %c%d font-size:0;color:transparent NaN @ https://challenges.cloudflare.com/cdn-cgi/challenge-platform/h/g/turnstile/f/ov2/av0/rch/kjofi/0x4AAAAAAAJel0iaAR3mgkjp/light/fbE/api/flexible?lang=auto:0
[  250358ms] [WARNING] %c%d font-size:0;color:transparent NaN @ https://challenges.cloudflare.com/cdn-cgi/challenge-platform/h/g/turnstile/f/ov2/av0/rch/kjofi/0x4AAAAAAAJel0iaAR3mgkjp/light/fbE/api/flexible?lang=auto:0
[  253734ms] [WARNING] The resource https://challenges.cloudflare.com/cdn-cgi/challenge-platform/h/g/cmg/1 was preloaded using link preload but not used within a few seconds from the window's load event. Please make sure it has an appropriate `as` value and it is preloaded intentionally. @ https://challenges.cloudflare.com/cdn-cgi/challenge-platform/h/g/turnstile/f/ov2/av0/rch/kjofi/0x4AAAAAAAJel0iaAR3mgkjp/light/fbE/api/flexible?lang=auto:0
[  372125ms] [ERROR] Failed to load resource: the server responded with a status of 401 () @ https://challenges.cloudflare.com/cdn-cgi/challenge-platform/h/g/pat/9cd0381edf0377f1/1770942648880/abd8bfceb2c6a73f6c1f2813895f1495775421a91e025732f309e82f78086cc2/FfCWiYpQNDY-93m:0
[  372390ms] [ERROR]  Note that 'script-src' was not explicitly set, so 'default-src' is used as a fallback. @ https://challenges.cloudflare.com/cdn-cgi/challenge-platform/h/g/turnstile/f/ov2/av0/rch/kjofi/0x4AAAAAAAJel0iaAR3mgkjp/light/fbE/api/flexible?lang=auto:0
[  372545ms] [ERROR] %c%d font-size:0;color:transparent NaN @ https://challenges.cloudflare.com/cdn-cgi/challenge-platform/h/g/turnstile/f/ov2/av0/rch/kjofi/0x4AAAAAAAJel0iaAR3mgkjp/light/fbE/api/flexible?lang=auto:0
[  372546ms] [ERROR] %c%d font-size:0;color:transparent NaN @ https://challenges.cloudflare.com/cdn-cgi/challenge-platform/h/g/turnstile/f/ov2/av0/rch/kjofi/0x4AAAAAAAJel0iaAR3mgkjp/light/fbE/api/flexible?lang=auto:0
[  372546ms] [WARNING] %c%d font-size:0;color:transparent NaN @ https://challenges.cloudflare.com/cdn-cgi/challenge-platform/h/g/turnstile/f/ov2/av0/rch/kjofi/0x4AAAAAAAJel0iaAR3mgkjp/light/fbE/api/flexible?lang=auto:0
[  372546ms] [WARNING] %c%d font-size:0;color:transparent NaN @ https://challenges.cloudflare.com/cdn-cgi/challenge-platform/h/g/turnstile/f/ov2/av0/rch/kjofi/0x4AAAAAAAJel0iaAR3mgkjp/light/fbE/api/flexible?lang=auto:0
[  375931ms] [WARNING] The resource https://challenges.cloudflare.com/cdn-cgi/challenge-platform/h/g/cmg/1 was preloaded using link preload but not used within a few seconds from the window's load event. Please make sure it has an appropriate `as` value and it is preloaded intentionally. @ https://challenges.cloudflare.com/cdn-cgi/challenge-platform/h/g/turnstile/f/ov2/av0/rch/kjofi/0x4AAAAAAAJel0iaAR3mgkjp/light/fbE/api/flexible?lang=auto:0
[  494415ms] [ERROR]  Note that 'script-src' was not explicitly set, so 'default-src' is used as a fallback. @ https://challenges.cloudflare.com/cdn-cgi/challenge-platform/h/g/turnstile/f/ov2/av0/rch/kjofi/0x4AAAAAAAJel0iaAR3mgkjp/light/fbE/api/flexible?lang=auto:0
[  494916ms] [ERROR] Failed to load resource: the server responded with a status of 401 () @ https://challenges.cloudflare.com/cdn-cgi/challenge-platform/h/g/pat/9cd03b1aaabc77f1/1770942771244/424d2c57f23212631e7d385fadb2b9bfbacc96a33b80001b215de7489132cc0d/0cd7tTOZyiIuyCD:0
[  495057ms] [ERROR] %c%d font-size:0;color:transparent NaN @ https://challenges.cloudflare.com/cdn-cgi/challenge-platform/h/g/turnstile/f/ov2/av0/rch/kjofi/0x4AAAAAAAJel0iaAR3mgkjp/light/fbE/api/flexible?lang=auto:0
[  495057ms] [ERROR] %c%d font-size:0;color:transparent NaN @ https://challenges.cloudflare.com/cdn-cgi/challenge-platform/h/g/turnstile/f/ov2/av0/rch/kjofi/0x4AAAAAAAJel0iaAR3mgkjp/light/fbE/api/flexible?lang=auto:0
[  495057ms] [WARNING] %c%d font-size:0;color:transparent NaN @ https://challenges.cloudflare.com/cdn-cgi/challenge-platform/h/g/turnstile/f/ov2/av0/rch/kjofi/0x4AAAAAAAJel0iaAR3mgkjp/light/fbE/api/flexible?lang=auto:0
[  495057ms] [WARNING] %c%d font-size:0;color:transparent NaN @ https://challenges.cloudflare.com/cdn-cgi/challenge-platform/h/g/turnstile/f/ov2/av0/rch/kjofi/0x4AAAAAAAJel0iaAR3mgkjp/light/fbE/api/flexible?lang=auto:0
[  498608ms] [WARNING] The resource https://challenges.cloudflare.com/cdn-cgi/challenge-platform/h/g/cmg/1 was preloaded using link preload but not used within a few seconds from the window's load event. Please make sure it has an appropriate `as` value and it is preloaded intentionally. @ https://challenges.cloudflare.com/cdn-cgi/challenge-platform/h/g/turnstile/f/ov2/av0/rch/kjofi/0x4AAAAAAAJel0iaAR3mgkjp/light/fbE/api/flexible?lang=auto:0
[  616903ms] [ERROR] Failed to load resource: the server responded with a status of 401 () @ https://challenges.cloudflare.com/cdn-cgi/challenge-platform/h/g/pat/9cd03e195acb77f1/1770942893408/886fda065cbfad742e95628715363bc66584a8a1a6418cf5d52a0dca172d9f1f/iS0NSYeyrdgzwNO:0
[  616914ms] [ERROR] %c%d font-size:0;color:transparent NaN @ https://challenges.cloudflare.com/cdn-cgi/challenge-platform/h/g/turnstile/f/ov2/av0/rch/kjofi/0x4AAAAAAAJel0iaAR3mgkjp/light/fbE/api/flexible?lang=auto:0
[  616914ms] [ERROR] %c%d font-size:0;color:transparent NaN @ https://challenges.cloudflare.com/cdn-cgi/challenge-platform/h/g/turnstile/f/ov2/av0/rch/kjofi/0x4AAAAAAAJel0iaAR3mgkjp/light/fbE/api/flexible?lang=auto:0
[  616914ms] [WARNING] %c%d font-size:0;color:transparent NaN @ https://challenges.cloudflare.com/cdn-cgi/challenge-platform/h/g/turnstile/f/ov2/av0/rch/kjofi/0x4AAAAAAAJel0iaAR3mgkjp/light/fbE/api/flexible?lang=auto:0
[  616914ms] [WARNING] %c%d font-size:0;color:transparent NaN @ https://challenges.cloudflare.com/cdn-cgi/challenge-platform/h/g/turnstile/f/ov2/av0/rch/kjofi/0x4AAAAAAAJel0iaAR3mgkjp/light/fbE/api/flexible?lang=auto:0
[  616940ms] [ERROR]  Note that 'script-src' was not explicitly set, so 'default-src' is used as a fallback. @ https://challenges.cloudflare.com/cdn-cgi/challenge-platform/h/g/turnstile/f/ov2/av0/rch/kjofi/0x4AAAAAAAJel0iaAR3mgkjp/light/fbE/api/flexible?lang=auto:0
[  620428ms] [WARNING] The resource https://challenges.cloudflare.com/cdn-cgi/challenge-platform/h/g/cmg/1 was preloaded using link preload but not used within a few seconds from the window's load event. Please make sure it has an appropriate `as` value and it is preloaded intentionally. @ https://challenges.cloudflare.com/cdn-cgi/challenge-platform/h/g/turnstile/f/ov2/av0/rch/kjofi/0x4AAAAAAAJel0iaAR3mgkjp/light/fbE/api/flexible?lang=auto:0
[  738845ms] [ERROR] Failed to load resource: the server responded with a status of 401 () @ https://challenges.cloudflare.com/cdn-cgi/challenge-platform/h/g/pat/9cd041131beb77f1/1770943015575/7a5d00ab85d6574ef36b4dd858200e8e49d9907a2cf44d91a469b03ce64fb5f9/TnhWXZVg_aBxeAe:0
[  738913ms] [ERROR] %c%d font-size:0;color:transparent NaN @ https://challenges.cloudflare.com/cdn-cgi/challenge-platform/h/g/turnstile/f/ov2/av0/rch/kjofi/0x4AAAAAAAJel0iaAR3mgkjp/light/fbE/api/flexible?lang=auto:0
[  738913ms] [ERROR] %c%d font-size:0;color:transparent NaN @ https://challenges.cloudflare.com/cdn-cgi/challenge-platform/h/g/turnstile/f/ov2/av0/rch/kjofi/0x4AAAAAAAJel0iaAR3mgkjp/light/fbE/api/flexible?lang=auto:0
[  738913ms] [WARNING] %c%d font-size:0;color:transparent NaN @ https://challenges.cloudflare.com/cdn-cgi/challenge-platform/h/g/turnstile/f/ov2/av0/rch/kjofi/0x4AAAAAAAJel0iaAR3mgkjp/light/fbE/api/flexible?lang=auto:0
[  738913ms] [WARNING] %c%d font-size:0;color:transparent NaN @ https://challenges.cloudflare.com/cdn-cgi/challenge-platform/h/g/turnstile/f/ov2/av0/rch/kjofi/0x4AAAAAAAJel0iaAR3mgkjp/light/fbE/api/flexible?lang=auto:0
[  739180ms] [ERROR]  Note that 'script-src' was not explicitly set, so 'default-src' is used as a fallback. @ https://challenges.cloudflare.com/cdn-cgi/challenge-platform/h/g/turnstile/f/ov2/av0/rch/kjofi/0x4AAAAAAAJel0iaAR3mgkjp/light/fbE/api/flexible?lang=auto:0
[  742699ms] [WARNING] The resource https://challenges.cloudflare.com/cdn-cgi/challenge-platform/h/g/cmg/1 was preloaded using link preload but not used within a few seconds from the window's load event. Please make sure it has an appropriate `as` value and it is preloaded intentionally. @ https://challenges.cloudflare.com/cdn-cgi/challenge-platform/h/g/turnstile/f/ov2/av0/rch/kjofi/0x4AAAAAAAJel0iaAR3mgkjp/light/fbE/api/flexible?lang=auto:0
[  861191ms] [ERROR]  Note that 'script-src' was not explicitly set, so 'default-src' is used as a fallback. @ https://challenges.cloudflare.com/cdn-cgi/challenge-platform/h/g/turnstile/f/ov2/av0/rch/kjofi/0x4AAAAAAAJel0iaAR3mgkjp/light/fbE/api/flexible?lang=auto:0
[  861545ms] [ERROR] Failed to load resource: the server responded with a status of 401 () @ https://challenges.cloudflare.com/cdn-cgi/challenge-platform/h/g/pat/9cd0440f7ae477f1/1770943137938/23fadf3450600cf8c0c35db0caec9f4a781093175456653e7ea39faa3e293110/IS4E4JCMy26fFPr:0
[  861983ms] [ERROR] %c%d font-size:0;color:transparent NaN @ https://challenges.cloudflare.com/cdn-cgi/challenge-platform/h/g/turnstile/f/ov2/av0/rch/kjofi/0x4AAAAAAAJel0iaAR3mgkjp/light/fbE/api/flexible?lang=auto:0
[  861983ms] [ERROR] %c%d font-size:0;color:transparent NaN @ https://challenges.cloudflare.com/cdn-cgi/challenge-platform/h/g/turnstile/f/ov2/av0/rch/kjofi/0x4AAAAAAAJel0iaAR3mgkjp/light/fbE/api/flexible?lang=auto:0
[  861984ms] [WARNING] %c%d font-size:0;color:transparent NaN @ https://challenges.cloudflare.com/cdn-cgi/challenge-platform/h/g/turnstile/f/ov2/av0/rch/kjofi/0x4AAAAAAAJel0iaAR3mgkjp/light/fbE/api/flexible?lang=auto:0
[  861984ms] [WARNING] %c%d font-size:0;color:transparent NaN @ https://challenges.cloudflare.com/cdn-cgi/challenge-platform/h/g/turnstile/f/ov2/av0/rch/kjofi/0x4AAAAAAAJel0iaAR3mgkjp/light/fbE/api/flexible?lang=auto:0
[  865384ms] [WARNING] The resource https://challenges.cloudflare.com/cdn-cgi/challenge-platform/h/g/cmg/1 was preloaded using link preload but not used within a few seconds from the window's load event. Please make sure it has an appropriate `as` value and it is preloaded intentionally. @ https://challenges.cloudflare.com/cdn-cgi/challenge-platform/h/g/turnstile/f/ov2/av0/rch/kjofi/0x4AAAAAAAJel0iaAR3mgkjp/light/fbE/api/flexible?lang=auto:0
[  983787ms] [ERROR]  Note that 'script-src' was not explicitly set, so 'default-src' is used as a fallback. @ https://challenges.cloudflare.com/cdn-cgi/challenge-platform/h/g/turnstile/f/ov2/av0/rch/kjofi/0x4AAAAAAAJel0iaAR3mgkjp/light/fbE/api/flexible?lang=auto:0
[  984178ms] [ERROR] Failed to load resource: the server responded with a status of 401 () @ https://challenges.cloudflare.com/cdn-cgi/challenge-platform/h/g/pat/9cd0470ded1477f1/1770943260583/d4e0714f20e7aac5497f3c5ae56197ff73efb3948d1a5c9dacf7e100798e3b80/ma_DQPlVvMv-Ajt:0
[  984388ms] [ERROR] %c%d font-size:0;color:transparent NaN @ https://challenges.cloudflare.com/cdn-cgi/challenge-platform/h/g/turnstile/f/ov2/av0/rch/kjofi/0x4AAAAAAAJel0iaAR3mgkjp/light/fbE/api/flexible?lang=auto:0
[  984388ms] [ERROR] %c%d font-size:0;color:transparent NaN @ https://challenges.cloudflare.com/cdn-cgi/challenge-platform/h/g/turnstile/f/ov2/av0/rch/kjofi/0x4AAAAAAAJel0iaAR3mgkjp/light/fbE/api/flexible?lang=auto:0
[  984389ms] [WARNING] %c%d font-size:0;color:transparent NaN @ https://challenges.cloudflare.com/cdn-cgi/challenge-platform/h/g/turnstile/f/ov2/av0/rch/kjofi/0x4AAAAAAAJel0iaAR3mgkjp/light/fbE/api/flexible?lang=auto:0
[  984389ms] [WARNING] %c%d font-size:0;color:transparent NaN @ https://challenges.cloudflare.com/cdn-cgi/challenge-platform/h/g/turnstile/f/ov2/av0/rch/kjofi/0x4AAAAAAAJel0iaAR3mgkjp/light/fbE/api/flexible?lang=auto:0
[  987936ms] [WARNING] The resource https://challenges.cloudflare.com/cdn-cgi/challenge-platform/h/g/cmg/1 was preloaded using link preload but not used within a few seconds from the window's load event. Please make sure it has an appropriate `as` value and it is preloaded intentionally. @ https://challenges.cloudflare.com/cdn-cgi/challenge-platform/h/g/turnstile/f/ov2/av0/rch/kjofi/0x4AAAAAAAJel0iaAR3mgkjp/light/fbE/api/flexible?lang=auto:0
[ 1106279ms] [ERROR] Failed to load resource: the server responded with a status of 401 () @ https://challenges.cloudflare.com/cdn-cgi/challenge-platform/h/g/pat/9cd04a0ba84277f1/1770943382849/255ed389e3647e45b3f501c86ab160dc4fd226a50deee22214576a2915364f6d/tWGZsYZlJbi6mHl:0
[ 1106321ms] [ERROR]  Note that 'script-src' was not explicitly set, so 'default-src' is used as a fallback. @ https://challenges.cloudflare.com/cdn-cgi/challenge-platform/h/g/turnstile/f/ov2/av0/rch/kjofi/0x4AAAAAAAJel0iaAR3mgkjp/light/fbE/api/flexible?lang=auto:0
[ 1106442ms] [ERROR] %c%d font-size:0;color:transparent NaN @ https://challenges.cloudflare.com/cdn-cgi/challenge-platform/h/g/turnstile/f/ov2/av0/rch/kjofi/0x4AAAAAAAJel0iaAR3mgkjp/light/fbE/api/flexible?lang=auto:0
[ 1106442ms] [ERROR] %c%d font-size:0;color:transparent NaN @ https://challenges.cloudflare.com/cdn-cgi/challenge-platform/h/g/turnstile/f/ov2/av0/rch/kjofi/0x4AAAAAAAJel0iaAR3mgkjp/light/fbE/api/flexible?lang=auto:0
[ 1106443ms] [WARNING] %c%d font-size:0;color:transparent NaN @ https://challenges.cloudflare.com/cdn-cgi/challenge-platform/h/g/turnstile/f/ov2/av0/rch/kjofi/0x4AAAAAAAJel0iaAR3mgkjp/light/fbE/api/flexible?lang=auto:0
[ 1106443ms] [WARNING] %c%d font-size:0;color:transparent NaN @ https://challenges.cloudflare.com/cdn-cgi/challenge-platform/h/g/turnstile/f/ov2/av0/rch/kjofi/0x4AAAAAAAJel0iaAR3mgkjp/light/fbE/api/flexible?lang=auto:0
[ 1109943ms] [WARNING] The resource https://challenges.cloudflare.com/cdn-cgi/challenge-platform/h/g/cmg/1 was preloaded using link preload but not used within a few seconds from the window's load event. Please make sure it has an appropriate `as` value and it is preloaded intentionally. @ https://challenges.cloudflare.com/cdn-cgi/challenge-platform/h/g/turnstile/f/ov2/av0/rch/kjofi/0x4AAAAAAAJel0iaAR3mgkjp/light/fbE/api/flexible?lang=auto:0
[ 1228073ms] [ERROR]  Note that 'script-src' was not explicitly set, so 'default-src' is used as a fallback. @ https://challenges.cloudflare.com/cdn-cgi/challenge-platform/h/g/turnstile/f/ov2/av0/rch/kjofi/0x4AAAAAAAJel0iaAR3mgkjp/light/fbE/api/flexible?lang=auto:0
[ 1228188ms] [ERROR] %c%d font-size:0;color:transparent NaN @ https://challenges.cloudflare.com/cdn-cgi/challenge-platform/h/g/turnstile/f/ov2/av0/rch/kjofi/0x4AAAAAAAJel0iaAR3mgkjp/light/fbE/api/flexible?lang=auto:0
[ 1228189ms] [ERROR] %c%d font-size:0;color:transparent NaN @ https://challenges.cloudflare.com/cdn-cgi/challenge-platform/h/g/turnstile/f/ov2/av0/rch/kjofi/0x4AAAAAAAJel0iaAR3mgkjp/light/fbE/api/flexible?lang=auto:0
[ 1228189ms] [WARNING] %c%d font-size:0;color:transparent NaN @ https://challenges.cloudflare.com/cdn-cgi/challenge-platform/h/g/turnstile/f/ov2/av0/rch/kjofi/0x4AAAAAAAJel0iaAR3mgkjp/light/fbE/api/flexible?lang=auto:0
[ 1228189ms] [WARNING] %c%d font-size:0;color:transparent NaN @ https://challenges.cloudflare.com/cdn-cgi/challenge-platform/h/g/turnstile/f/ov2/av0/rch/kjofi/0x4AAAAAAAJel0iaAR3mgkjp/light/fbE/api/flexible?lang=auto:0
[ 1228548ms] [ERROR] Failed to load resource: the server responded with a status of 401 () @ https://challenges.cloudflare.com/cdn-cgi/challenge-platform/h/g/pat/9cd04d062af177f1/1770943504870/d89d4a29c747e06de331214e5df8455f84446dec0144e2d3c3d232c20b788659/qRZJoWic6Dt5-3D:0
[ 1232241ms] [WARNING] The resource https://challenges.cloudflare.com/cdn-cgi/challenge-platform/h/g/cmg/1 was preloaded using link preload but not used within a few seconds from the window's load event. Please make sure it has an appropriate `as` value and it is preloaded intentionally. @ https://challenges.cloudflare.com/cdn-cgi/challenge-platform/h/g/turnstile/f/ov2/av0/rch/kjofi/0x4AAAAAAAJel0iaAR3mgkjp/light/fbE/api/flexible?lang=auto:0
[ 1350969ms] [ERROR] %c%d font-size:0;color:transparent NaN @ https://challenges.cloudflare.com/cdn-cgi/challenge-platform/h/g/turnstile/f/ov2/av0/rch/kjofi/0x4AAAAAAAJel0iaAR3mgkjp/light/fbE/api/flexible?lang=auto:0
[ 1350970ms] [ERROR] %c%d font-size:0;color:transparent NaN @ https://challenges.cloudflare.com/cdn-cgi/challenge-platform/h/g/turnstile/f/ov2/av0/rch/kjofi/0x4AAAAAAAJel0iaAR3mgkjp/light/fbE/api/flexible?lang=auto:0
[ 1350971ms] [WARNING] %c%d font-size:0;color:transparent NaN @ https://challenges.cloudflare.com/cdn-cgi/challenge-platform/h/g/turnstile/f/ov2/av0/rch/kjofi/0x4AAAAAAAJel0iaAR3mgkjp/light/fbE/api/flexible?lang=auto:0
[ 1350971ms] [WARNING] %c%d font-size:0;color:transparent NaN @ https://challenges.cloudflare.com/cdn-cgi/challenge-platform/h/g/turnstile/f/ov2/av0/rch/kjofi/0x4AAAAAAAJel0iaAR3mgkjp/light/fbE/api/flexible?lang=auto:0
[ 1351166ms] [ERROR] Failed to load resource: the server responded with a status of 401 () @ https://challenges.cloudflare.com/cdn-cgi/challenge-platform/h/g/pat/9cd05002bb7577f1/1770943627533/b4dae6cef0c27a3b3ab18a19ea6bdc1caac8b9a03f31cac8cd16f7b76dca83fb/4-KuaaeDDYgUo5-:0
[ 1351437ms] [ERROR]  Note that 'script-src' was not explicitly set, so 'default-src' is used as a fallback. @ https://challenges.cloudflare.com/cdn-cgi/challenge-platform/h/g/turnstile/f/ov2/av0/rch/kjofi/0x4AAAAAAAJel0iaAR3mgkjp/light/fbE/api/flexible?lang=auto:0
[ 1355559ms] [WARNING] The resource https://challenges.cloudflare.com/cdn-cgi/challenge-platform/h/g/cmg/1 was preloaded using link preload but not used within a few seconds from the window's load event. Please make sure it has an appropriate `as` value and it is preloaded intentionally. @ https://challenges.cloudflare.com/cdn-cgi/challenge-platform/h/g/turnstile/f/ov2/av0/rch/kjofi/0x4AAAAAAAJel0iaAR3mgkjp/light/fbE/api/flexible?lang=auto:0
