[    1333ms] [WARNING] Error with Permissions-Policy header: Unrecognized feature: 'document-domain'. @ :0
[    3132ms] [ERROR] Error: <linearGradient> attribute x1: Expected length, "118.%". @ https://pages.cloudflare.com/:0
[    3133ms] [ERROR] Error: <linearGradient> attribute x1: Expected length, "118.%". @ https://pages.cloudflare.com/:0
[    4596ms] Unexpected end of input
[    4618ms] [ERROR] Error: <linearGradient> attribute x1: Expected length, "118.%". @ https://pages.cloudflare.com/framework-5a35a4212fe04015d1ce.js:1
[    4619ms] [ERROR] Error: <linearGradient> attribute x1: Expected length, "118.%". @ https://pages.cloudflare.com/framework-5a35a4212fe04015d1ce.js:1
[    4624ms] Error: Minified React error #418; visit https://reactjs.org/docs/error-decoder.html?invariant=418 for the full message or use the non-minified dev environment for full errors and additional helpful warnings.
    at fa (https://pages.cloudflare.com/framework-5a35a4212fe04015d1ce.js:2:49541)
    at qu (https://pages.cloudflare.com/framework-5a35a4212fe04015d1ce.js:2:84875)
    at ks (https://pages.cloudflare.com/framework-5a35a4212fe04015d1ce.js:2:109724)
    at bs (https://pages.cloudflare.com/framework-5a35a4212fe04015d1ce.js:2:109464)
    at vs (https://pages.cloudflare.com/framework-5a35a4212fe04015d1ce.js:2:109331)
    at gs (https://pages.cloudflare.com/framework-5a35a4212fe04015d1ce.js:2:109194)
    at ls (https://pages.cloudflare.com/framework-5a35a4212fe04015d1ce.js:2:104357)
    at S (https://pages.cloudflare.com/framework-5a35a4212fe04015d1ce.js:2:137710)
    at MessagePort.T (https://pages.cloudflare.com/framework-5a35a4212fe04015d1ce.js:2:138242)
[    4624ms] Error: Minified React error #418; visit https://reactjs.org/docs/error-decoder.html?invariant=418 for the full message or use the non-minified dev environment for full errors and additional helpful warnings.
    at sa (https://pages.cloudflare.com/framework-5a35a4212fe04015d1ce.js:2:49081)
    at xi (https://pages.cloudflare.com/framework-5a35a4212fe04015d1ce.js:2:121833)
    at bs (https://pages.cloudflare.com/framework-5a35a4212fe04015d1ce.js:2:109403)
    at vs (https://pages.cloudflare.com/framework-5a35a4212fe04015d1ce.js:2:109331)
    at gs (https://pages.cloudflare.com/framework-5a35a4212fe04015d1ce.js:2:109194)
    at ls (https://pages.cloudflare.com/framework-5a35a4212fe04015d1ce.js:2:104357)
    at S (https://pages.cloudflare.com/framework-5a35a4212fe04015d1ce.js:2:137710)
    at MessagePort.T (https://pages.cloudflare.com/framework-5a35a4212fe04015d1ce.js:2:138242)
[    4624ms] Error: Minified React error #418; visit https://reactjs.org/docs/error-decoder.html?invariant=418 for the full message or use the non-minified dev environment for full errors and additional helpful warnings.
    at sa (https://pages.cloudflare.com/framework-5a35a4212fe04015d1ce.js:2:49081)
    at xi (https://pages.cloudflare.com/framework-5a35a4212fe04015d1ce.js:2:121833)
    at bs (https://pages.cloudflare.com/framework-5a35a4212fe04015d1ce.js:2:109403)
    at vs (https://pages.cloudflare.com/framework-5a35a4212fe04015d1ce.js:2:109331)
    at gs (https://pages.cloudflare.com/framework-5a35a4212fe04015d1ce.js:2:109194)
    at ls (https://pages.cloudflare.com/framework-5a35a4212fe04015d1ce.js:2:104357)
    at S (https://pages.cloudflare.com/framework-5a35a4212fe04015d1ce.js:2:137710)
    at MessagePort.T (https://pages.cloudflare.com/framework-5a35a4212fe04015d1ce.js:2:138242)
[    4624ms] Error: Minified React error #418; visit https://reactjs.org/docs/error-decoder.html?invariant=418 for the full message or use the non-minified dev environment for full errors and additional helpful warnings.
    at sa (https://pages.cloudflare.com/framework-5a35a4212fe04015d1ce.js:2:49081)
    at xi (https://pages.cloudflare.com/framework-5a35a4212fe04015d1ce.js:2:121833)
    at bs (https://pages.cloudflare.com/framework-5a35a4212fe04015d1ce.js:2:109403)
    at vs (https://pages.cloudflare.com/framework-5a35a4212fe04015d1ce.js:2:109331)
    at gs (https://pages.cloudflare.com/framework-5a35a4212fe04015d1ce.js:2:109194)
    at ls (https://pages.cloudflare.com/framework-5a35a4212fe04015d1ce.js:2:104357)
    at S (https://pages.cloudflare.com/framework-5a35a4212fe04015d1ce.js:2:137710)
    at MessagePort.T (https://pages.cloudflare.com/framework-5a35a4212fe04015d1ce.js:2:138242)
[    4625ms] Error: Minified React error #418; visit https://reactjs.org/docs/error-decoder.html?invariant=418 for the full message or use the non-minified dev environment for full errors and additional helpful warnings.
    at sa (https://pages.cloudflare.com/framework-5a35a4212fe04015d1ce.js:2:49081)
    at xi (https://pages.cloudflare.com/framework-5a35a4212fe04015d1ce.js:2:121833)
    at bs (https://pages.cloudflare.com/framework-5a35a4212fe04015d1ce.js:2:109403)
    at vs (https://pages.cloudflare.com/framework-5a35a4212fe04015d1ce.js:2:109331)
    at gs (https://pages.cloudflare.com/framework-5a35a4212fe04015d1ce.js:2:109194)
    at ls (https://pages.cloudflare.com/framework-5a35a4212fe04015d1ce.js:2:104357)
    at S (https://pages.cloudflare.com/framework-5a35a4212fe04015d1ce.js:2:137710)
    at MessagePort.T (https://pages.cloudflare.com/framework-5a35a4212fe04015d1ce.js:2:138242)
[    4625ms] Error: Minified React error #418; visit https://reactjs.org/docs/error-decoder.html?invariant=418 for the full message or use the non-minified dev environment for full errors and additional helpful warnings.
    at sa (https://pages.cloudflare.com/framework-5a35a4212fe04015d1ce.js:2:49081)
    at xi (https://pages.cloudflare.com/framework-5a35a4212fe04015d1ce.js:2:121833)
    at bs (https://pages.cloudflare.com/framework-5a35a4212fe04015d1ce.js:2:109403)
    at vs (https://pages.cloudflare.com/framework-5a35a4212fe04015d1ce.js:2:109331)
    at gs (https://pages.cloudflare.com/framework-5a35a4212fe04015d1ce.js:2:109194)
    at ls (https://pages.cloudflare.com/framework-5a35a4212fe04015d1ce.js:2:104357)
    at S (https://pages.cloudflare.com/framework-5a35a4212fe04015d1ce.js:2:137710)
    at MessagePort.T (https://pages.cloudflare.com/framework-5a35a4212fe04015d1ce.js:2:138242)
[    4625ms] Error: Minified React error #418; visit https://reactjs.org/docs/error-decoder.html?invariant=418 for the full message or use the non-minified dev environment for full errors and additional helpful warnings.
    at sa (https://pages.cloudflare.com/framework-5a35a4212fe04015d1ce.js:2:49081)
    at xi (https://pages.cloudflare.com/framework-5a35a4212fe04015d1ce.js:2:121833)
    at bs (https://pages.cloudflare.com/framework-5a35a4212fe04015d1ce.js:2:109403)
    at vs (https://pages.cloudflare.com/framework-5a35a4212fe04015d1ce.js:2:109331)
    at gs (https://pages.cloudflare.com/framework-5a35a4212fe04015d1ce.js:2:109194)
    at ls (https://pages.cloudflare.com/framework-5a35a4212fe04015d1ce.js:2:104357)
    at S (https://pages.cloudflare.com/framework-5a35a4212fe04015d1ce.js:2:137710)
    at MessagePort.T (https://pages.cloudflare.com/framework-5a35a4212fe04015d1ce.js:2:138242)
[    4625ms] Error: Minified React error #418; visit https://reactjs.org/docs/error-decoder.html?invariant=418 for the full message or use the non-minified dev environment for full errors and additional helpful warnings.
    at sa (https://pages.cloudflare.com/framework-5a35a4212fe04015d1ce.js:2:49081)
    at xi (https://pages.cloudflare.com/framework-5a35a4212fe04015d1ce.js:2:121833)
    at bs (https://pages.cloudflare.com/framework-5a35a4212fe04015d1ce.js:2:109403)
    at vs (https://pages.cloudflare.com/framework-5a35a4212fe04015d1ce.js:2:109331)
    at gs (https://pages.cloudflare.com/framework-5a35a4212fe04015d1ce.js:2:109194)
    at ls (https://pages.cloudflare.com/framework-5a35a4212fe04015d1ce.js:2:104357)
    at S (https://pages.cloudflare.com/framework-5a35a4212fe04015d1ce.js:2:137710)
    at MessagePort.T (https://pages.cloudflare.com/framework-5a35a4212fe04015d1ce.js:2:138242)
[    4625ms] Error: Minified React error #418; visit https://reactjs.org/docs/error-decoder.html?invariant=418 for the full message or use the non-minified dev environment for full errors and additional helpful warnings.
    at sa (https://pages.cloudflare.com/framework-5a35a4212fe04015d1ce.js:2:49081)
    at xi (https://pages.cloudflare.com/framework-5a35a4212fe04015d1ce.js:2:121833)
    at bs (https://pages.cloudflare.com/framework-5a35a4212fe04015d1ce.js:2:109403)
    at vs (https://pages.cloudflare.com/framework-5a35a4212fe04015d1ce.js:2:109331)
    at gs (https://pages.cloudflare.com/framework-5a35a4212fe04015d1ce.js:2:109194)
    at ls (https://pages.cloudflare.com/framework-5a35a4212fe04015d1ce.js:2:104357)
    at S (https://pages.cloudflare.com/framework-5a35a4212fe04015d1ce.js:2:137710)
    at MessagePort.T (https://pages.cloudflare.com/framework-5a35a4212fe04015d1ce.js:2:138242)
[    4625ms] Error: Minified React error #418; visit https://reactjs.org/docs/error-decoder.html?invariant=418 for the full message or use the non-minified dev environment for full errors and additional helpful warnings.
    at sa (https://pages.cloudflare.com/framework-5a35a4212fe04015d1ce.js:2:49081)
    at xi (https://pages.cloudflare.com/framework-5a35a4212fe04015d1ce.js:2:121833)
    at bs (https://pages.cloudflare.com/framework-5a35a4212fe04015d1ce.js:2:109403)
    at vs (https://pages.cloudflare.com/framework-5a35a4212fe04015d1ce.js:2:109331)
    at gs (https://pages.cloudflare.com/framework-5a35a4212fe04015d1ce.js:2:109194)
    at ls (https://pages.cloudflare.com/framework-5a35a4212fe04015d1ce.js:2:104357)
    at S (https://pages.cloudflare.com/framework-5a35a4212fe04015d1ce.js:2:137710)
    at MessagePort.T (https://pages.cloudflare.com/framework-5a35a4212fe04015d1ce.js:2:138242)
[    4625ms] Error: Minified React error #418; visit https://reactjs.org/docs/error-decoder.html?invariant=418 for the full message or use the non-minified dev environment for full errors and additional helpful warnings.
    at sa (https://pages.cloudflare.com/framework-5a35a4212fe04015d1ce.js:2:49081)
    at xi (https://pages.cloudflare.com/framework-5a35a4212fe04015d1ce.js:2:121833)
    at bs (https://pages.cloudflare.com/framework-5a35a4212fe04015d1ce.js:2:109403)
    at vs (https://pages.cloudflare.com/framework-5a35a4212fe04015d1ce.js:2:109331)
    at gs (https://pages.cloudflare.com/framework-5a35a4212fe04015d1ce.js:2:109194)
    at ls (https://pages.cloudflare.com/framework-5a35a4212fe04015d1ce.js:2:104357)
    at S (https://pages.cloudflare.com/framework-5a35a4212fe04015d1ce.js:2:137710)
    at MessagePort.T (https://pages.cloudflare.com/framework-5a35a4212fe04015d1ce.js:2:138242)
[    4626ms] Error: Minified React error #418; visit https://reactjs.org/docs/error-decoder.html?invariant=418 for the full message or use the non-minified dev environment for full errors and additional helpful warnings.
    at sa (https://pages.cloudflare.com/framework-5a35a4212fe04015d1ce.js:2:49081)
    at xi (https://pages.cloudflare.com/framework-5a35a4212fe04015d1ce.js:2:121833)
    at bs (https://pages.cloudflare.com/framework-5a35a4212fe04015d1ce.js:2:109403)
    at vs (https://pages.cloudflare.com/framework-5a35a4212fe04015d1ce.js:2:109331)
    at gs (https://pages.cloudflare.com/framework-5a35a4212fe04015d1ce.js:2:109194)
    at ls (https://pages.cloudflare.com/framework-5a35a4212fe04015d1ce.js:2:104357)
    at S (https://pages.cloudflare.com/framework-5a35a4212fe04015d1ce.js:2:137710)
    at MessagePort.T (https://pages.cloudflare.com/framework-5a35a4212fe04015d1ce.js:2:138242)
[    4626ms] Error: Minified React error #418; visit https://reactjs.org/docs/error-decoder.html?invariant=418 for the full message or use the non-minified dev environment for full errors and additional helpful warnings.
    at sa (https://pages.cloudflare.com/framework-5a35a4212fe04015d1ce.js:2:49081)
    at xi (https://pages.cloudflare.com/framework-5a35a4212fe04015d1ce.js:2:121833)
    at bs (https://pages.cloudflare.com/framework-5a35a4212fe04015d1ce.js:2:109403)
    at vs (https://pages.cloudflare.com/framework-5a35a4212fe04015d1ce.js:2:109331)
    at gs (https://pages.cloudflare.com/framework-5a35a4212fe04015d1ce.js:2:109194)
    at ls (https://pages.cloudflare.com/framework-5a35a4212fe04015d1ce.js:2:104357)
    at S (https://pages.cloudflare.com/framework-5a35a4212fe04015d1ce.js:2:137710)
    at MessagePort.T (https://pages.cloudflare.com/framework-5a35a4212fe04015d1ce.js:2:138242)
[    4626ms] Error: Minified React error #418; visit https://reactjs.org/docs/error-decoder.html?invariant=418 for the full message or use the non-minified dev environment for full errors and additional helpful warnings.
    at sa (https://pages.cloudflare.com/framework-5a35a4212fe04015d1ce.js:2:49081)
    at xi (https://pages.cloudflare.com/framework-5a35a4212fe04015d1ce.js:2:121833)
    at bs (https://pages.cloudflare.com/framework-5a35a4212fe04015d1ce.js:2:109403)
    at vs (https://pages.cloudflare.com/framework-5a35a4212fe04015d1ce.js:2:109331)
    at gs (https://pages.cloudflare.com/framework-5a35a4212fe04015d1ce.js:2:109194)
    at ls (https://pages.cloudflare.com/framework-5a35a4212fe04015d1ce.js:2:104357)
    at S (https://pages.cloudflare.com/framework-5a35a4212fe04015d1ce.js:2:137710)
    at MessagePort.T (https://pages.cloudflare.com/framework-5a35a4212fe04015d1ce.js:2:138242)
[    4626ms] Error: Minified React error #418; visit https://reactjs.org/docs/error-decoder.html?invariant=418 for the full message or use the non-minified dev environment for full errors and additional helpful warnings.
    at sa (https://pages.cloudflare.com/framework-5a35a4212fe04015d1ce.js:2:49081)
    at xi (https://pages.cloudflare.com/framework-5a35a4212fe04015d1ce.js:2:121833)
    at bs (https://pages.cloudflare.com/framework-5a35a4212fe04015d1ce.js:2:109403)
    at vs (https://pages.cloudflare.com/framework-5a35a4212fe04015d1ce.js:2:109331)
    at gs (https://pages.cloudflare.com/framework-5a35a4212fe04015d1ce.js:2:109194)
    at ls (https://pages.cloudflare.com/framework-5a35a4212fe04015d1ce.js:2:104357)
    at S (https://pages.cloudflare.com/framework-5a35a4212fe04015d1ce.js:2:137710)
    at MessagePort.T (https://pages.cloudflare.com/framework-5a35a4212fe04015d1ce.js:2:138242)
[    4626ms] Error: Minified React error #418; visit https://reactjs.org/docs/error-decoder.html?invariant=418 for the full message or use the non-minified dev environment for full errors and additional helpful warnings.
    at sa (https://pages.cloudflare.com/framework-5a35a4212fe04015d1ce.js:2:49081)
    at xi (https://pages.cloudflare.com/framework-5a35a4212fe04015d1ce.js:2:121833)
    at bs (https://pages.cloudflare.com/framework-5a35a4212fe04015d1ce.js:2:109403)
    at vs (https://pages.cloudflare.com/framework-5a35a4212fe04015d1ce.js:2:109331)
    at gs (https://pages.cloudflare.com/framework-5a35a4212fe04015d1ce.js:2:109194)
    at ls (https://pages.cloudflare.com/framework-5a35a4212fe04015d1ce.js:2:104357)
    at S (https://pages.cloudflare.com/framework-5a35a4212fe04015d1ce.js:2:137710)
    at MessagePort.T (https://pages.cloudflare.com/framework-5a35a4212fe04015d1ce.js:2:138242)
[    4626ms] Error: Minified React error #418; visit https://reactjs.org/docs/error-decoder.html?invariant=418 for the full message or use the non-minified dev environment for full errors and additional helpful warnings.
    at sa (https://pages.cloudflare.com/framework-5a35a4212fe04015d1ce.js:2:49081)
    at xi (https://pages.cloudflare.com/framework-5a35a4212fe04015d1ce.js:2:121833)
    at bs (https://pages.cloudflare.com/framework-5a35a4212fe04015d1ce.js:2:109403)
    at vs (https://pages.cloudflare.com/framework-5a35a4212fe04015d1ce.js:2:109331)
    at gs (https://pages.cloudflare.com/framework-5a35a4212fe04015d1ce.js:2:109194)
    at ls (https://pages.cloudflare.com/framework-5a35a4212fe04015d1ce.js:2:104357)
    at S (https://pages.cloudflare.com/framework-5a35a4212fe04015d1ce.js:2:137710)
    at MessagePort.T (https://pages.cloudflare.com/framework-5a35a4212fe04015d1ce.js:2:138242)
[    4627ms] Error: Minified React error #418; visit https://reactjs.org/docs/error-decoder.html?invariant=418 for the full message or use the non-minified dev environment for full errors and additional helpful warnings.
    at sa (https://pages.cloudflare.com/framework-5a35a4212fe04015d1ce.js:2:49081)
    at xi (https://pages.cloudflare.com/framework-5a35a4212fe04015d1ce.js:2:121833)
    at bs (https://pages.cloudflare.com/framework-5a35a4212fe04015d1ce.js:2:109403)
    at vs (https://pages.cloudflare.com/framework-5a35a4212fe04015d1ce.js:2:109331)
    at gs (https://pages.cloudflare.com/framework-5a35a4212fe04015d1ce.js:2:109194)
    at ls (https://pages.cloudflare.com/framework-5a35a4212fe04015d1ce.js:2:104357)
    at S (https://pages.cloudflare.com/framework-5a35a4212fe04015d1ce.js:2:137710)
    at MessagePort.T (https://pages.cloudflare.com/framework-5a35a4212fe04015d1ce.js:2:138242)
[    4628ms] Error: Minified React error #418; visit https://reactjs.org/docs/error-decoder.html?invariant=418 for the full message or use the non-minified dev environment for full errors and additional helpful warnings.
    at sa (https://pages.cloudflare.com/framework-5a35a4212fe04015d1ce.js:2:49081)
    at xi (https://pages.cloudflare.com/framework-5a35a4212fe04015d1ce.js:2:121833)
    at bs (https://pages.cloudflare.com/framework-5a35a4212fe04015d1ce.js:2:109403)
    at vs (https://pages.cloudflare.com/framework-5a35a4212fe04015d1ce.js:2:109331)
    at gs (https://pages.cloudflare.com/framework-5a35a4212fe04015d1ce.js:2:109194)
    at ls (https://pages.cloudflare.com/framework-5a35a4212fe04015d1ce.js:2:104357)
    at S (https://pages.cloudflare.com/framework-5a35a4212fe04015d1ce.js:2:137710)
    at MessagePort.T (https://pages.cloudflare.com/framework-5a35a4212fe04015d1ce.js:2:138242)
[    4628ms] Error: Minified React error #418; visit https://reactjs.org/docs/error-decoder.html?invariant=418 for the full message or use the non-minified dev environment for full errors and additional helpful warnings.
    at sa (https://pages.cloudflare.com/framework-5a35a4212fe04015d1ce.js:2:49081)
    at xi (https://pages.cloudflare.com/framework-5a35a4212fe04015d1ce.js:2:121833)
    at bs (https://pages.cloudflare.com/framework-5a35a4212fe04015d1ce.js:2:109403)
    at vs (https://pages.cloudflare.com/framework-5a35a4212fe04015d1ce.js:2:109331)
    at gs (https://pages.cloudflare.com/framework-5a35a4212fe04015d1ce.js:2:109194)
    at ls (https://pages.cloudflare.com/framework-5a35a4212fe04015d1ce.js:2:104357)
    at S (https://pages.cloudflare.com/framework-5a35a4212fe04015d1ce.js:2:137710)
    at MessagePort.T (https://pages.cloudflare.com/framework-5a35a4212fe04015d1ce.js:2:138242)
[    4628ms] Error: Minified React error #418; visit https://reactjs.org/docs/error-decoder.html?invariant=418 for the full message or use the non-minified dev environment for full errors and additional helpful warnings.
    at sa (https://pages.cloudflare.com/framework-5a35a4212fe04015d1ce.js:2:49081)
    at xi (https://pages.cloudflare.com/framework-5a35a4212fe04015d1ce.js:2:121833)
    at bs (https://pages.cloudflare.com/framework-5a35a4212fe04015d1ce.js:2:109403)
    at vs (https://pages.cloudflare.com/framework-5a35a4212fe04015d1ce.js:2:109331)
    at gs (https://pages.cloudflare.com/framework-5a35a4212fe04015d1ce.js:2:109194)
    at ls (https://pages.cloudflare.com/framework-5a35a4212fe04015d1ce.js:2:104357)
    at S (https://pages.cloudflare.com/framework-5a35a4212fe04015d1ce.js:2:137710)
    at MessagePort.T (https://pages.cloudflare.com/framework-5a35a4212fe04015d1ce.js:2:138242)
[    4628ms] Error: Minified React error #418; visit https://reactjs.org/docs/error-decoder.html?invariant=418 for the full message or use the non-minified dev environment for full errors and additional helpful warnings.
    at sa (https://pages.cloudflare.com/framework-5a35a4212fe04015d1ce.js:2:49081)
    at xi (https://pages.cloudflare.com/framework-5a35a4212fe04015d1ce.js:2:121833)
    at bs (https://pages.cloudflare.com/framework-5a35a4212fe04015d1ce.js:2:109403)
    at vs (https://pages.cloudflare.com/framework-5a35a4212fe04015d1ce.js:2:109331)
    at gs (https://pages.cloudflare.com/framework-5a35a4212fe04015d1ce.js:2:109194)
    at ls (https://pages.cloudflare.com/framework-5a35a4212fe04015d1ce.js:2:104357)
    at S (https://pages.cloudflare.com/framework-5a35a4212fe04015d1ce.js:2:137710)
    at MessagePort.T (https://pages.cloudflare.com/framework-5a35a4212fe04015d1ce.js:2:138242)
[    4628ms] Error: Minified React error #418; visit https://reactjs.org/docs/error-decoder.html?invariant=418 for the full message or use the non-minified dev environment for full errors and additional helpful warnings.
    at sa (https://pages.cloudflare.com/framework-5a35a4212fe04015d1ce.js:2:49081)
    at xi (https://pages.cloudflare.com/framework-5a35a4212fe04015d1ce.js:2:121833)
    at bs (https://pages.cloudflare.com/framework-5a35a4212fe04015d1ce.js:2:109403)
    at vs (https://pages.cloudflare.com/framework-5a35a4212fe04015d1ce.js:2:109331)
    at gs (https://pages.cloudflare.com/framework-5a35a4212fe04015d1ce.js:2:109194)
    at ls (https://pages.cloudflare.com/framework-5a35a4212fe04015d1ce.js:2:104357)
    at S (https://pages.cloudflare.com/framework-5a35a4212fe04015d1ce.js:2:137710)
    at MessagePort.T (https://pages.cloudflare.com/framework-5a35a4212fe04015d1ce.js:2:138242)
[    4628ms] Error: Minified React error #418; visit https://reactjs.org/docs/error-decoder.html?invariant=418 for the full message or use the non-minified dev environment for full errors and additional helpful warnings.
    at sa (https://pages.cloudflare.com/framework-5a35a4212fe04015d1ce.js:2:49081)
    at xi (https://pages.cloudflare.com/framework-5a35a4212fe04015d1ce.js:2:121833)
    at bs (https://pages.cloudflare.com/framework-5a35a4212fe04015d1ce.js:2:109403)
    at vs (https://pages.cloudflare.com/framework-5a35a4212fe04015d1ce.js:2:109331)
    at gs (https://pages.cloudflare.com/framework-5a35a4212fe04015d1ce.js:2:109194)
    at ls (https://pages.cloudflare.com/framework-5a35a4212fe04015d1ce.js:2:104357)
    at S (https://pages.cloudflare.com/framework-5a35a4212fe04015d1ce.js:2:137710)
    at MessagePort.T (https://pages.cloudflare.com/framework-5a35a4212fe04015d1ce.js:2:138242)
[    4629ms] Error: Minified React error #418; visit https://reactjs.org/docs/error-decoder.html?invariant=418 for the full message or use the non-minified dev environment for full errors and additional helpful warnings.
    at sa (https://pages.cloudflare.com/framework-5a35a4212fe04015d1ce.js:2:49081)
    at xi (https://pages.cloudflare.com/framework-5a35a4212fe04015d1ce.js:2:121833)
    at bs (https://pages.cloudflare.com/framework-5a35a4212fe04015d1ce.js:2:109403)
    at vs (https://pages.cloudflare.com/framework-5a35a4212fe04015d1ce.js:2:109331)
    at gs (https://pages.cloudflare.com/framework-5a35a4212fe04015d1ce.js:2:109194)
    at ls (https://pages.cloudflare.com/framework-5a35a4212fe04015d1ce.js:2:104357)
    at S (https://pages.cloudflare.com/framework-5a35a4212fe04015d1ce.js:2:137710)
    at MessagePort.T (https://pages.cloudflare.com/framework-5a35a4212fe04015d1ce.js:2:138242)
[    4629ms] Error: Minified React error #418; visit https://reactjs.org/docs/error-decoder.html?invariant=418 for the full message or use the non-minified dev environment for full errors and additional helpful warnings.
    at sa (https://pages.cloudflare.com/framework-5a35a4212fe04015d1ce.js:2:49081)
    at xi (https://pages.cloudflare.com/framework-5a35a4212fe04015d1ce.js:2:121833)
    at bs (https://pages.cloudflare.com/framework-5a35a4212fe04015d1ce.js:2:109403)
    at vs (https://pages.cloudflare.com/framework-5a35a4212fe04015d1ce.js:2:109331)
    at gs (https://pages.cloudflare.com/framework-5a35a4212fe04015d1ce.js:2:109194)
    at ls (https://pages.cloudflare.com/framework-5a35a4212fe04015d1ce.js:2:104357)
    at S (https://pages.cloudflare.com/framework-5a35a4212fe04015d1ce.js:2:137710)
    at MessagePort.T (https://pages.cloudflare.com/framework-5a35a4212fe04015d1ce.js:2:138242)
[    4629ms] Error: Minified React error #423; visit https://reactjs.org/docs/error-decoder.html?invariant=423 for the full message or use the non-minified dev environment for full errors and additional helpful warnings.
    at xi (https://pages.cloudflare.com/framework-5a35a4212fe04015d1ce.js:2:121519)
    at bs (https://pages.cloudflare.com/framework-5a35a4212fe04015d1ce.js:2:109403)
    at vs (https://pages.cloudflare.com/framework-5a35a4212fe04015d1ce.js:2:109331)
    at gs (https://pages.cloudflare.com/framework-5a35a4212fe04015d1ce.js:2:109194)
    at as (https://pages.cloudflare.com/framework-5a35a4212fe04015d1ce.js:2:106029)
    at ls (https://pages.cloudflare.com/framework-5a35a4212fe04015d1ce.js:2:104584)
    at S (https://pages.cloudflare.com/framework-5a35a4212fe04015d1ce.js:2:137710)
    at MessagePort.T (https://pages.cloudflare.com/framework-5a35a4212fe04015d1ce.js:2:138242)
[    4882ms] [ERROR] Connecting to 'https://www.google.com/ccm/collect?frm=0&en=page_view&dl=https%3A%2F%2Fpages.cloudflare.com%2F&scrsrc=www.googletagmanager.com&rnd=2115434537.1770967671&dt=Cloudflare%20Pages&auid=1181973837.1770942265&navt=n&npa=0&ep.ads_data_redaction=0&gtm=45He62c0h2v77207555za200zd77207555xea&gcd=13l3l3l3l1l1&dma=0&tag_exp=103116026~103200004~104527906~104528501~104684208~104684211~115616985~115938465~115938469~116988316~117447493&apve=1&apvf=f&apvc=1&tft=1770967671472&tfd=4845' violates the following Content Security Policy directive: "connect-src 'self' cloudflareinsights.com www.googletagmanager.com cdn.cookielaw.org geolocation.onetrust.com". The action has been blocked. @ https://www.googletagmanager.com/gtm.js?id=GTM-PKQFGQB&l=cfDataLayer:270
[    4882ms] [ERROR] Fetch API cannot load https://www.google.com/ccm/collect?frm=0&en=page_view&dl=https%3A%2F%2Fpages.cloudflare.com%2F&scrsrc=www.googletagmanager.com&rnd=2115434537.1770967671&dt=Cloudflare%20Pages&auid=1181973837.1770942265&navt=n&npa=0&ep.ads_data_redaction=0&gtm=45He62c0h2v77207555za200zd77207555xea&gcd=13l3l3l3l1l1&dma=0&tag_exp=103116026~103200004~104527906~104528501~104684208~104684211~115616985~115938465~115938469~116988316~117447493&apve=1&apvf=f&apvc=1&tft=1770967671472&tfd=4845. Refused to connect because it violates the document's Content Security Policy. @ https://www.googletagmanager.com/gtm.js?id=GTM-PKQFGQB&l=cfDataLayer:270
[    4883ms] [ERROR] Loading the image 'https://www.google.com/ccm/collect?frm=0&en=page_view&dl=https%3A%2F%2Fpages.cloudflare.com%2F&scrsrc=www.googletagmanager.com&rnd=2115434537.1770967671&dt=Cloudflare%20Pages&auid=1181973837.1770942265&navt=n&npa=0&ep.ads_data_redaction=0&gtm=45He62c0h2v77207555za200zd77207555xea&gcd=13l3l3l3l1l1&dma=0&tag_exp=103116026~103200004~104527906~104528501~104684208~104684211~115616985~115938465~115938469~116988316~117447493&apve=1&apvf=f&apvc=1&tft=1770967671472&tfd=4845&img=1' violates the following Content Security Policy directive: "img-src 'self' data: workers.cloudflare.com https://cdn.cookielaw.org". The action has been blocked. @ https://pages.cloudflare.com/:0
[    5411ms] [ERROR] Connecting to 'https://ad.doubleclick.net/activity;src=9309168;type=adh_o0;cat=adh_g0;ord=1518223982120;npa=0;auiddc=1181973837.1770942265;u1=undefined;u2=undefined;u3=https%3A%2F%2Fpages.cloudflare.com%2F;u4=undefined;u5=undefined;u6=undefined;u7=undefined;u8=undefined;u9=undefined;u10=undefined;u11=undefined;u12=undefined;u13=undefined;u14=undefined;uaa=arm;uab=64;uafvl=Not(A%253ABrand%3B8.0.0.0%7CChromium%3B144.0.7559.133%7CGoogle%2520Chrome%3B144.0.7559.133;uamb=0;uam=;uap=macOS;uapv=15.5.0;uaw=0;pscdl=noapi;frm=0;_tu=KFA;gtm=45fe62c0h2v9164255219z877207555za20gzb77207555zd77207555xea;gcd=13l3l3l3l1l1;dma=0;dc_fmt=6;tag_exp=103116026~103200004~104527906~104528500~104684208~104684211~115938465~115938468~116988315~117447491;dc_random=1770967671_wG7qa10jVHF_RsLS6cx9smEUmDtmJxqOXA;epver=2?' violates the following Content Security Policy directive: "connect-src 'self' cloudflareinsights.com www.googletagmanager.com cdn.cookielaw.org geolocation.onetrust.com". The action has been blocked. @ https://www.googletagmanager.com/gtag/destination?id=DC-9309168&l=cfDataLayer&cx=c&gtm=4e62c0h2:144
[    5411ms] [ERROR] Fetch API cannot load https://ad.doubleclick.net/activity;src=9309168;type=adh_o0;cat=adh_g0;ord=1518223982120;npa=0;auiddc=1181973837.1770942265;u1=undefined;u2=undefined;u3=https%3A%2F%2Fpages.cloudflare.com%2F;u4=undefined;u5=undefined;u6=undefined;u7=undefined;u8=undefined;u9=undefined;u10=undefined;u11=undefined;u12=undefined;u13=undefined;u14=undefined;uaa=arm;uab=64;uafvl=Not(A%253ABrand%3B8.0.0.0%7CChromium%3B144.0.7559.133%7CGoogle%2520Chrome%3B144.0.7559.133;uamb=0;uam=;uap=macOS;uapv=15.5.0;uaw=0;pscdl=noapi;frm=0;_tu=KFA;gtm=45fe62c0h2v9164255219z877207555za20gzb77207555zd77207555xea;gcd=13l3l3l3l1l1;dma=0;dc_fmt=6;tag_exp=103116026~103200004~104527906~104528500~104684208~104684211~115938465~115938468~116988315~117447491;dc_random=1770967671_wG7qa10jVHF_RsLS6cx9smEUmDtmJxqOXA;epver=2?. Refused to connect because it violates the document's Content Security Policy. @ https://www.googletagmanager.com/gtag/destination?id=DC-9309168&l=cfDataLayer&cx=c&gtm=4e62c0h2:144
[    5412ms] [ERROR] Loading the image 'https://ad.doubleclick.net/activity;src=9309168;type=adh_o0;cat=adh_g0;ord=1518223982120;npa=0;auiddc=1181973837.1770942265;u1=undefined;u2=undefined;u3=https%3A%2F%2Fpages.cloudflare.com%2F;u4=undefined;u5=undefined;u6=undefined;u7=undefined;u8=undefined;u9=undefined;u10=undefined;u11=undefined;u12=undefined;u13=undefined;u14=undefined;uaa=arm;uab=64;uafvl=Not(A%253ABrand%3B8.0.0.0%7CChromium%3B144.0.7559.133%7CGoogle%2520Chrome%3B144.0.7559.133;uamb=0;uam=;uap=macOS;uapv=15.5.0;uaw=0;pscdl=noapi;frm=0;_tu=KFA;gtm=45fe62c0h2v9164255219z877207555za20gzb77207555zd77207555xea;gcd=13l3l3l3l1l1;dma=0;dc_fmt=5;tag_exp=103116026~103200004~104527906~104528500~104684208~104684211~115938465~115938468~116988315~117447491;dc_random=1770967671_wG7qa10jVHF_RsLS6cx9smEUmDtmJxqOXA;epver=2?' violates the following Content Security Policy directive: "img-src 'self' data: workers.cloudflare.com https://cdn.cookielaw.org". The action has been blocked. @ https://pages.cloudflare.com/:0
[    5413ms] [ERROR] Connecting to 'https://www.google.com/gmp/conversion;src=9309168;type=adh_o0;cat=adh_g0;ord=1518223982120;npa=0;auiddc=1181973837.1770942265;u1=undefined;u2=undefined;u3=https%3A%2F%2Fpages.cloudflare.com%2F;u4=undefined;u5=undefined;u6=undefined;u7=undefined;u8=undefined;u9=undefined;u10=undefined;u11=undefined;u12=undefined;u13=undefined;u14=undefined;uaa=arm;uab=64;uafvl=Not(A%253ABrand%3B8.0.0.0%7CChromium%3B144.0.7559.133%7CGoogle%2520Chrome%3B144.0.7559.133;uamb=0;uam=;uap=macOS;uapv=15.5.0;uaw=0;pscdl=noapi;frm=0;_tu=KFA;gtm=45fe62c0h2v9164255219z877207555za20gzb77207555zd77207555xea;gcd=13l3l3l3l1l1;dma=0;dc_fmt=7;tag_exp=103116026~103200004~104527906~104528500~104684208~104684211~115938465~115938468~116988315~117447491;dc_random=1770967671_wG7qa10jVHF_RsLS6cx9smEUmDtmJxqOXA;epver=2?' violates the following Content Security Policy directive: "connect-src 'self' cloudflareinsights.com www.googletagmanager.com cdn.cookielaw.org geolocation.onetrust.com". The action has been blocked. @ https://www.googletagmanager.com/gtag/destination?id=DC-9309168&l=cfDataLayer&cx=c&gtm=4e62c0h2:144
[    5413ms] [ERROR] Fetch API cannot load https://www.google.com/gmp/conversion;src=9309168;type=adh_o0;cat=adh_g0;ord=1518223982120;npa=0;auiddc=1181973837.1770942265;u1=undefined;u2=undefined;u3=https%3A%2F%2Fpages.cloudflare.com%2F;u4=undefined;u5=undefined;u6=undefined;u7=undefined;u8=undefined;u9=undefined;u10=undefined;u11=undefined;u12=undefined;u13=undefined;u14=undefined;uaa=arm;uab=64;uafvl=Not(A%253ABrand%3B8.0.0.0%7CChromium%3B144.0.7559.133%7CGoogle%2520Chrome%3B144.0.7559.133;uamb=0;uam=;uap=macOS;uapv=15.5.0;uaw=0;pscdl=noapi;frm=0;_tu=KFA;gtm=45fe62c0h2v9164255219z877207555za20gzb77207555zd77207555xea;gcd=13l3l3l3l1l1;dma=0;dc_fmt=7;tag_exp=103116026~103200004~104527906~104528500~104684208~104684211~115938465~115938468~116988315~117447491;dc_random=1770967671_wG7qa10jVHF_RsLS6cx9smEUmDtmJxqOXA;epver=2?. Refused to connect because it violates the document's Content Security Policy. @ https://www.googletagmanager.com/gtag/destination?id=DC-9309168&l=cfDataLayer&cx=c&gtm=4e62c0h2:144
[   10814ms] [ERROR] Connecting to 'https://privacyportal.onetrust.com/request/v1/consentreceipts' violates the following Content Security Policy directive: "connect-src 'self' cloudflareinsights.com www.googletagmanager.com cdn.cookielaw.org geolocation.onetrust.com". The action has been blocked. @ https://cdn.cookielaw.org/scripttemplates/202303.2.0/otBannerSdk.js:6
[   14957ms] [WARNING] [GSI_LOGGER]: Your client application uses one of the Google One Tap prompt UI status methods that may stop functioning when FedCM becomes mandatory. Refer to the migration guide to update your code accordingly and opt-in to FedCM to test your changes. Learn more: https://developers.google.com/identity/gsi/web/guides/fedcm-migration?s=dc#display_moment and https://developers.google.com/identity/gsi/web/guides/fedcm-migration?s=dc#skipped_moment @ https://dash.cloudflare.com/cf-cfaa59109e40ad62.js:2
[   14957ms] [WARNING] [GSI_LOGGER]: Currently, you disable FedCM on Google One Tap. FedCM for One Tap will become mandatory soon, and you won’t be able to disable it. Refer to the migration guide to update your code accordingly to ensure users will not be blocked from logging in. Learn more: https://developers.google.com/identity/gsi/web/guides/fedcm-migration @ https://dash.cloudflare.com/cf-cfaa59109e40ad62.js:2
[   15096ms] [WARNING] [GSI_LOGGER]: Your client application uses one of the Google One Tap prompt UI status methods that may stop functioning when FedCM becomes mandatory. Refer to the migration guide to update your code accordingly and opt-in to FedCM to test your changes. Learn more: https://developers.google.com/identity/gsi/web/guides/fedcm-migration?s=dc#display_moment and https://developers.google.com/identity/gsi/web/guides/fedcm-migration?s=dc#skipped_moment @ https://dash.cloudflare.com/cf-cfaa59109e40ad62.js:2
[   15096ms] [WARNING] [GSI_LOGGER]: Currently, you disable FedCM on Google One Tap. FedCM for One Tap will become mandatory soon, and you won’t be able to disable it. Refer to the migration guide to update your code accordingly to ensure users will not be blocked from logging in. Learn more: https://developers.google.com/identity/gsi/web/guides/fedcm-migration @ https://dash.cloudflare.com/cf-cfaa59109e40ad62.js:2
[   18027ms] [ERROR] %c%d font-size:0;color:transparent NaN @ https://challenges.cloudflare.com/cdn-cgi/challenge-platform/h/g/turnstile/f/ov2/av0/rch/s6ecr/0x4AAAAAAAJel0iaAR3mgkjp/light/fbE/new/flexible?lang=auto:0
[   18027ms] [ERROR] %c%d font-size:0;color:transparent NaN @ https://challenges.cloudflare.com/cdn-cgi/challenge-platform/h/g/turnstile/f/ov2/av0/rch/s6ecr/0x4AAAAAAAJel0iaAR3mgkjp/light/fbE/new/flexible?lang=auto:0
[   18028ms] [WARNING] %c%d font-size:0;color:transparent NaN @ https://challenges.cloudflare.com/cdn-cgi/challenge-platform/h/g/turnstile/f/ov2/av0/rch/s6ecr/0x4AAAAAAAJel0iaAR3mgkjp/light/fbE/new/flexible?lang=auto:0
[   18028ms] [WARNING] %c%d font-size:0;color:transparent NaN @ https://challenges.cloudflare.com/cdn-cgi/challenge-platform/h/g/turnstile/f/ov2/av0/rch/s6ecr/0x4AAAAAAAJel0iaAR3mgkjp/light/fbE/new/flexible?lang=auto:0
[   18183ms] [ERROR] Failed to load resource: the server responded with a status of 401 () @ https://challenges.cloudflare.com/cdn-cgi/challenge-platform/h/g/pat/9cd29b52edd28464/1770967684032/54dea2c3c467846cfc3707e3b93dd63b941b9e413c8872bc459d88d4ddc1e45e/a9Bq-OWCnrdTBOh:0
[   19099ms] [ERROR]  Note that 'script-src' was not explicitly set, so 'default-src' is used as a fallback. @ https://challenges.cloudflare.com/cdn-cgi/challenge-platform/h/g/turnstile/f/ov2/av0/rch/s6ecr/0x4AAAAAAAJel0iaAR3mgkjp/light/fbE/new/flexible?lang=auto:0
