[    2577ms] Error: Minified React error #418; visit https://reactjs.org/docs/error-decoder.html?invariant=418 for the full message or use the non-minified dev environment for full errors and additional helpful warnings.
    at ku (https://www.cloudflare.com/_willow/client.Cgxsk4ri.js:22:4907)
    at ca (https://www.cloudflare.com/_willow/client.Cgxsk4ri.js:24:45647)
    at oa (https://www.cloudflare.com/_willow/client.Cgxsk4ri.js:24:39783)
    at cc (https://www.cloudflare.com/_willow/client.Cgxsk4ri.js:24:39756)
    at ra (https://www.cloudflare.com/_willow/client.Cgxsk4ri.js:24:34775)
    at st (https://www.cloudflare.com/_willow/client.Cgxsk4ri.js:9:1643)
    at MessagePort.Mt (https://www.cloudflare.com/_willow/client.Cgxsk4ri.js:9:2030)
[    2650ms] Error: Minified React error #418; visit https://reactjs.org/docs/error-decoder.html?invariant=418 for the full message or use the non-minified dev environment for full errors and additional helpful warnings.
    at ku (https://www.cloudflare.com/_willow/client.Cgxsk4ri.js:22:4907)
    at ca (https://www.cloudflare.com/_willow/client.Cgxsk4ri.js:24:45647)
    at oa (https://www.cloudflare.com/_willow/client.Cgxsk4ri.js:24:39783)
    at cc (https://www.cloudflare.com/_willow/client.Cgxsk4ri.js:24:39756)
    at ra (https://www.cloudflare.com/_willow/client.Cgxsk4ri.js:24:34775)
    at st (https://www.cloudflare.com/_willow/client.Cgxsk4ri.js:9:1643)
    at MessagePort.Mt (https://www.cloudflare.com/_willow/client.Cgxsk4ri.js:9:2030)
[    2650ms] Error: Minified React error #418; visit https://reactjs.org/docs/error-decoder.html?invariant=418 for the full message or use the non-minified dev environment for full errors and additional helpful warnings.
    at ku (https://www.cloudflare.com/_willow/client.Cgxsk4ri.js:22:4907)
    at ca (https://www.cloudflare.com/_willow/client.Cgxsk4ri.js:24:45647)
    at oa (https://www.cloudflare.com/_willow/client.Cgxsk4ri.js:24:39783)
    at cc (https://www.cloudflare.com/_willow/client.Cgxsk4ri.js:24:39756)
    at ra (https://www.cloudflare.com/_willow/client.Cgxsk4ri.js:24:34775)
    at st (https://www.cloudflare.com/_willow/client.Cgxsk4ri.js:9:1643)
    at MessagePort.Mt (https://www.cloudflare.com/_willow/client.Cgxsk4ri.js:9:2030)
[    2650ms] Error: Minified React error #423; visit https://reactjs.org/docs/error-decoder.html?invariant=423 for the full message or use the non-minified dev environment for full errors and additional helpful warnings.
    at ca (https://www.cloudflare.com/_willow/client.Cgxsk4ri.js:24:45307)
    at oa (https://www.cloudflare.com/_willow/client.Cgxsk4ri.js:24:39783)
    at fc (https://www.cloudflare.com/_willow/client.Cgxsk4ri.js:24:39714)
    at vl (https://www.cloudflare.com/_willow/client.Cgxsk4ri.js:24:39572)
    at ii (https://www.cloudflare.com/_willow/client.Cgxsk4ri.js:24:35956)
    at ra (https://www.cloudflare.com/_willow/client.Cgxsk4ri.js:24:34909)
    at st (https://www.cloudflare.com/_willow/client.Cgxsk4ri.js:9:1643)
    at MessagePort.Mt (https://www.cloudflare.com/_willow/client.Cgxsk4ri.js:9:2030)
[    4011ms] [ERROR] Failed to load resource: net::ERR_CONNECTION_CLOSED @ https://ad.doubleclick.net/activity;src=9309168;type=a_pag0;cat=3_page;ord=3066646163635;u1=page_load;u2=www.cloudflare.com?:0
[    4012ms] [ERROR] Failed to load resource: net::ERR_CONNECTION_CLOSED @ https://ad.doubleclick.net/activity;src=9973066;type=pagev0;cat=gcm-b0;ord=7051640549138;u1=?:0
[    4557ms] [ERROR]  Note that 'script-src' was not explicitly set, so 'default-src' is used as a fallback. @ https://challenges.cloudflare.com/cdn-cgi/challenge-platform/h/g/turnstile/f/ov2/av0/rch/f9e4l/0x4AAAAAAAaFLwutFA_ZjmEX/auto/fbE/new/normal?lang=auto:0
[    4721ms] [ERROR] %c%d font-size:0;color:transparent NaN @ https://challenges.cloudflare.com/cdn-cgi/challenge-platform/h/g/turnstile/f/ov2/av0/rch/f9e4l/0x4AAAAAAAaFLwutFA_ZjmEX/auto/fbE/new/normal?lang=auto:0
[    4721ms] [ERROR] %c%d font-size:0;color:transparent NaN @ https://challenges.cloudflare.com/cdn-cgi/challenge-platform/h/g/turnstile/f/ov2/av0/rch/f9e4l/0x4AAAAAAAaFLwutFA_ZjmEX/auto/fbE/new/normal?lang=auto:0
[    4721ms] [WARNING] %c%d font-size:0;color:transparent NaN @ https://challenges.cloudflare.com/cdn-cgi/challenge-platform/h/g/turnstile/f/ov2/av0/rch/f9e4l/0x4AAAAAAAaFLwutFA_ZjmEX/auto/fbE/new/normal?lang=auto:0
[    4721ms] [WARNING] %c%d font-size:0;color:transparent NaN @ https://challenges.cloudflare.com/cdn-cgi/challenge-platform/h/g/turnstile/f/ov2/av0/rch/f9e4l/0x4AAAAAAAaFLwutFA_ZjmEX/auto/fbE/new/normal?lang=auto:0
[    4872ms] [ERROR] Failed to load resource: the server responded with a status of 401 () @ https://challenges.cloudflare.com/cdn-cgi/challenge-platform/h/g/pat/9cd02ea70a3af22a/1770942260899/009f79f73487ffddcb4249b06c492170a807b06f0d9648f1a21fff15285d4184/knD39WNC9fV3U1t:0
[    7585ms] [ERROR] Failed to load resource: net::ERR_CONNECTION_CLOSED @ https://stats.g.doubleclick.net/g/collect?t=dc&aip=1&_r=3&v=1&_v=j86&tid=G-PGV1K2BN4M&cid=5efd8a25-842f-469c-ae0b-be77b3e63fd4&_u=KGDAAEADQAAAAC%7E&z=1387563124:0
[    8473ms] [WARNING] The resource https://challenges.cloudflare.com/cdn-cgi/challenge-platform/h/g/cmg/1 was preloaded using link preload but not used within a few seconds from the window's load event. Please make sure it has an appropriate `as` value and it is preloaded intentionally. @ https://challenges.cloudflare.com/cdn-cgi/challenge-platform/h/g/turnstile/f/ov2/av0/rch/f9e4l/0x4AAAAAAAaFLwutFA_ZjmEX/auto/fbE/new/normal?lang=auto:0
