[   34058ms] [ERROR] Failed to load resource: net::ERR_CONNECTION_CLOSED @ https://fonts.gstatic.com/s/notoserifsc/v35/H4chBXePl9DZ0Xe7gG9cyOj7oqOcaThrVMcaeccjhXXDsOyAEEmuIi6j7j64sLjgBtMI1z49XW4.118.woff2:0
[   34802ms] [ERROR] Failed to load resource: net::ERR_CONNECTION_CLOSED @ https://fonts.gstatic.com/s/notoserifsc/v35/H4chBXePl9DZ0Xe7gG9cyOj7kqGWbhppHtk.woff2:0
[   34802ms] [ERROR] Failed to load resource: net::ERR_CONNECTION_CLOSED @ https://fonts.gstatic.com/s/notoserifsc/v35/H4chBXePl9DZ0Xe7gG9cyOj7oqOcaThrVMcaeccjhXXDsOyAEEmuIi6j7j64sLjgBtMI1z49XW4.117.woff2:0
[   35917ms] [ERROR] Failed to load resource: net::ERR_CONNECTION_CLOSED @ https://fonts.gstatic.com/s/notosanssc/v40/k3kXo84MPvpLmixcA63oeALRLoKI2w328g.woff2:0
[   35918ms] [ERROR] Failed to load resource: net::ERR_CONNECTION_CLOSED @ https://fonts.gstatic.com/s/notosanssc/v40/k3kXo84MPvpLmixcA63oeALhLIiP-Q-87KaAaH7rzeAODp22mF0qmF4CSjmPC6A0Rg5g1igg1w.118.woff2:0
[   35918ms] [ERROR] Failed to load resource: net::ERR_CONNECTION_CLOSED @ https://fonts.gstatic.com/s/notosanssc/v40/k3kXo84MPvpLmixcA63oeALhLIiP-Q-87KaAaH7rzeAODp22mF0qmF4CSjmPC6A0Rg5g1igg1w.119.woff2:0
[   65764ms] [ERROR] Failed to load resource: net::ERR_CONNECTION_CLOSED @ https://fonts.gstatic.com/s/notosanssc/v40/k3kXo84MPvpLmixcA63oeALhLIiP-Q-87KaAaH7rzeAODp22mF0qmF4CSjmPC6A0Rg5g1igg1w.117.woff2:0
[   66797ms] [ERROR] Failed to load resource: net::ERR_CONNECTION_CLOSED @ https://fonts.gstatic.com/s/notoserifsc/v35/H4chBXePl9DZ0Xe7gG9cyOj7oqOcaThrVMcaeccjhXXDsOyAEEmuIi6j7j64sLjgBtMI1z49XW4.108.woff2:0
[   66810ms] [ERROR] Failed to load resource: net::ERR_CONNECTION_CLOSED @ https://fonts.gstatic.com/s/notoserifsc/v35/H4chBXePl9DZ0Xe7gG9cyOj7oqOcaThrVMcaeccjhXXDsOyAEEmuIi6j7j64sLjgBtMI1z49XW4.119.woff2:0
[   67550ms] [ERROR] Failed to load resource: net::ERR_CONNECTION_CLOSED @ https://fonts.gstatic.com/s/notosanssc/v40/k3kXo84MPvpLmixcA63oeALhLIiP-Q-87KaAaH7rzeAODp22mF0qmF4CSjmPC6A0Rg5g1igg1w.115.woff2:0
[   67567ms] [ERROR] Failed to load resource: net::ERR_CONNECTION_CLOSED @ https://fonts.gstatic.com/s/notosanssc/v40/k3kXo84MPvpLmixcA63oeALhLIiP-Q-87KaAaH7rzeAODp22mF0qmF4CSjmPC6A0Rg5g1igg1w.116.woff2:0
[   67567ms] [ERROR] Failed to load resource: net::ERR_CONNECTION_CLOSED @ https://fonts.gstatic.com/s/notosanssc/v40/k3kXo84MPvpLmixcA63oeALhLIiP-Q-87KaAaH7rzeAODp22mF0qmF4CSjmPC6A0Rg5g1igg1w.113.woff2:0
[   98587ms] [ERROR] Failed to load resource: net::ERR_CONNECTION_CLOSED @ https://fonts.gstatic.com/s/notoserifsc/v35/H4chBXePl9DZ0Xe7gG9cyOj7oqOcaThrVMcaeccjhXXDsOyAEEmuIi6j7j64sLjgBtMI1z49XW4.116.woff2:0
[   98587ms] [ERROR] Failed to load resource: net::ERR_CONNECTION_CLOSED @ https://fonts.gstatic.com/s/notoserifsc/v35/H4chBXePl9DZ0Xe7gG9cyOj7oqOcaThrVMcaeccjhXXDsOyAEEmuIi6j7j64sLjgBtMI1z49XW4.115.woff2:0
[   98587ms] [ERROR] Failed to load resource: net::ERR_CONNECTION_CLOSED @ https://fonts.gstatic.com/s/notoserifsc/v35/H4chBXePl9DZ0Xe7gG9cyOj7oqOcaThrVMcaeccjhXXDsOyAEEmuIi6j7j64sLjgBtMI1z49XW4.113.woff2:0
[   99293ms] [ERROR] Failed to load resource: net::ERR_CONNECTION_CLOSED @ https://fonts.gstatic.com/s/notosanssc/v40/k3kXo84MPvpLmixcA63oeALhLIiP-Q-87KaAaH7rzeAODp22mF0qmF4CSjmPC6A0Rg5g1igg1w.114.woff2:0
[   99295ms] [ERROR] Failed to load resource: net::ERR_CONNECTION_CLOSED @ https://fonts.gstatic.com/s/notosanssc/v40/k3kXo84MPvpLmixcA63oeALhLIiP-Q-87KaAaH7rzeAODp22mF0qmF4CSjmPC6A0Rg5g1igg1w.111.woff2:0
[   99321ms] [ERROR] Failed to load resource: net::ERR_CONNECTION_CLOSED @ https://fonts.gstatic.com/s/notosanssc/v40/k3kXo84MPvpLmixcA63oeALhLIiP-Q-87KaAaH7rzeAODp22mF0qmF4CSjmPC6A0Rg5g1igg1w.110.woff2:0
[  130272ms] [ERROR] Failed to load resource: net::ERR_CONNECTION_CLOSED @ https://fonts.gstatic.com/s/notoserifsc/v35/H4chBXePl9DZ0Xe7gG9cyOj7oqOcaThrVMcaeccjhXXDsOyAEEmuIi6j7j64sLjgBtMI1z49XW4.114.woff2:0
[  130292ms] [ERROR] Failed to load resource: net::ERR_CONNECTION_CLOSED @ https://fonts.gstatic.com/s/notoserifsc/v35/H4chBXePl9DZ0Xe7gG9cyOj7oqOcaThrVMcaeccjhXXDsOyAEEmuIi6j7j64sLjgBtMI1z49XW4.110.woff2:0
[  130292ms] [ERROR] Failed to load resource: net::ERR_CONNECTION_CLOSED @ https://fonts.gstatic.com/s/notosanssc/v40/k3kXo84MPvpLmixcA63oeALhLIiP-Q-87KaAaH7rzeAODp22mF0qmF4CSjmPC6A0Rg5g1igg1w.112.woff2:0
[  131037ms] [ERROR] Failed to load resource: net::ERR_CONNECTION_CLOSED @ https://fonts.gstatic.com/s/notosanssc/v40/k3kXo84MPvpLmixcA63oeALhLIiP-Q-87KaAaH7rzeAODp22mF0qmF4CSjmPC6A0Rg5g1igg1w.109.woff2:0
[  131040ms] [ERROR] Failed to load resource: net::ERR_CONNECTION_CLOSED @ https://fonts.gstatic.com/s/notosanssc/v40/k3kXo84MPvpLmixcA63oeALhLIiP-Q-87KaAaH7rzeAODp22mF0qmF4CSjmPC6A0Rg5g1igg1w.108.woff2:0
[  131049ms] [ERROR] Failed to load resource: net::ERR_CONNECTION_CLOSED @ https://fonts.gstatic.com/s/notosanssc/v40/k3kXo84MPvpLmixcA63oeALhLIiP-Q-87KaAaH7rzeAODp22mF0qmF4CSjmPC6A0Rg5g1igg1w.100.woff2:0
[  162023ms] [ERROR] Failed to load resource: net::ERR_CONNECTION_CLOSED @ https://fonts.gstatic.com/s/notosanssc/v40/k3kXo84MPvpLmixcA63oeALhLIiP-Q-87KaAaH7rzeAODp22mF0qmF4CSjmPC6A0Rg5g1igg1w.4.woff2:0
[  162046ms] [ERROR] Failed to load resource: net::ERR_CONNECTION_CLOSED @ https://fonts.gstatic.com/s/notosanssc/v40/k3kXo84MPvpLmixcA63oeALhLIiP-Q-87KaAaH7rzeAODp22mF0qmF4CSjmPC6A0Rg5g1igg1w.106.woff2:0
[  162046ms] [ERROR] Failed to load resource: net::ERR_CONNECTION_CLOSED @ https://fonts.gstatic.com/s/notosanssc/v40/k3kXo84MPvpLmixcA63oeALhLIiP-Q-87KaAaH7rzeAODp22mF0qmF4CSjmPC6A0Rg5g1igg1w.5.woff2:0
[  162786ms] [ERROR] Failed to load resource: net::ERR_CONNECTION_CLOSED @ https://fonts.gstatic.com/s/notosanssc/v40/k3kXo84MPvpLmixcA63oeALhLIiP-Q-87KaAaH7rzeAODp22mF0qmF4CSjmPC6A0Rg5g1igg1w.103.woff2:0
[  162801ms] [ERROR] Failed to load resource: net::ERR_CONNECTION_CLOSED @ https://fonts.gstatic.com/s/notosanssc/v40/k3kXo84MPvpLmixcA63oeALhLIiP-Q-87KaAaH7rzeAODp22mF0qmF4CSjmPC6A0Rg5g1igg1w.105.woff2:0
[  162801ms] [ERROR] Failed to load resource: net::ERR_CONNECTION_CLOSED @ https://fonts.gstatic.com/s/notoserifsc/v35/H4chBXePl9DZ0Xe7gG9cyOj7oqOcaThrVMcaeccjhXXDsOyAEEmuIi6j7j64sLjgBtMI1z49XW4.101.woff2:0
[ 5771701ms] [ERROR] Failed to load resource: net::ERR_CONNECTION_CLOSED @ https://fonts.gstatic.com/s/notosanssc/v40/k3kXo84MPvpLmixcA63oeALhLIiP-Q-87KaAaH7rzeAODp22mF0qmF4CSjmPC6A0Rg5g1igg1w.101.woff2:0
[ 5806505ms] [ERROR] Failed to load resource: net::ERR_CONNECTION_CLOSED @ https://fonts.gstatic.com/s/notosanssc/v40/k3kXo84MPvpLmixcA63oeALhLIiP-Q-87KaAaH7rzeAODp22mF0qmF4CSjmPC6A0Rg5g1igg1w.102.woff2:0
[ 5807010ms] [ERROR] Failed to load resource: net::ERR_CONNECTION_CLOSED @ https://fonts.gstatic.com/s/notosanssc/v40/k3kXo84MPvpLmixcA63oeALhLIiP-Q-87KaAaH7rzeAODp22mF0qmF4CSjmPC6A0Rg5g1igg1w.22.woff2:0
[ 5807024ms] [ERROR] Failed to load resource: net::ERR_CONNECTION_CLOSED @ https://fonts.gstatic.com/s/notosanssc/v40/k3kXo84MPvpLmixcA63oeALhLIiP-Q-87KaAaH7rzeAODp22mF0qmF4CSjmPC6A0Rg5g1igg1w.58.woff2:0
